#
# A fatal error has been detected by the Java Runtime Environment:
#
#  SIGSEGV (0xb) at pc=0x0000000101ab1e84, pid=2673, tid=16643
#
# JRE version: Java(TM) SE Runtime Environment (7.0_67-b01) (build 1.7.0_67-b01)
# Java VM: Java HotSpot(TM) 64-Bit Server VM (24.65-b04 mixed mode bsd-amd64 compressed oops)
# Problematic frame:
# V  [libjvm.dylib+0x2b1e84]  java_lang_String::length(oopDesc*)+0x54
#
# Failed to write core dump. Core dumps have been disabled. To enable core dumping, try "ulimit -c unlimited" before starting Java again
#
# If you would like to submit a bug report, please visit:
#   http://bugreport.sun.com/bugreport/crash.jsp
#

---------------  T H R E A D  ---------------

Current thread (0x00007f9c49837000):  JavaThread "JDWP Transport Listener: dt_socket" daemon [_thread_in_vm, id=16643, stack(0x000000010d4e4000,0x000000010d5e4000)]

siginfo:si_signo=SIGSEGV: si_errno=0, si_code=1 (SEGV_MAPERR), si_addr=0x000000000000000c

Registers:
RAX=0x0000000000000000, RBX=0x00000007d6344ce0, RCX=0x000000000000000c, RDX=0x0000000000000000
RSP=0x000000010d5e3a10, RBP=0x000000010d5e3a10, RSI=0x00007f9c48e24288, RDI=0x00000007d6344ce0
R8 =0x3400000000000000, R9 =0x00000000fffe0000, R10=0x000000005c7a180b, R11=0xffff8064c48cca20
R12=0x00007f9c49837000, R13=0x00007f9c48d20b80, R14=0x0000000000000000, R15=0x0000000000000000
RIP=0x0000000101ab1e84, EFLAGS=0x0000000000010202, ERR=0x0000000000000004
  TRAPNO=0x000000000000000e

Top of Stack: (sp=0x000000010d5e3a10)
0x000000010d5e3a10:   000000010d5e3a40 0000000101ae17be
0x000000010d5e3a20:   0000000000000000 0000000000000000
0x000000010d5e3a30:   00000007d6344ce0 00007f9c498371e8
0x000000010d5e3a40:   000000010d5e3ab0 0000000101b09086
0x000000010d5e3a50:   00007f9c49837000 00007f9c49837000
0x000000010d5e3a60:   0000000000000000 0000000000000000
0x000000010d5e3a70:   00007f9c498371e8 00007f9c49837000
0x000000010d5e3a80:   00007f9c49837000 000000010d5e3b08
0x000000010d5e3a90:   00007f9c48e24288 00007f9c48d20b80
0x000000010d5e3aa0:   000000010d5e3c90 00007f9c498371e8
0x000000010d5e3ab0:   000000010d5e3ae0 0000000100f7c4be
0x000000010d5e3ac0:   000000010d5e3c90 0000000100f9cdc2
0x000000010d5e3ad0:   000000010d5e3b08 0000000100fa8588
0x000000010d5e3ae0:   000000010d5e3d00 0000000100f83642
0x000000010d5e3af0:   0000060900000013 0000000000010a00
0x000000010d5e3b00:   00007f9c48d17050 000000010d5e3b58
0x000000010d5e3b10:   00007f9c0000012c 000000010d5e3b20
0x000000010d5e3b20:   00007f9c00000000 000000010d5e3b58
0x000000010d5e3b30:   0000000000000000 00007f0000000000
0x000000010d5e3b40:   000006090000000f 00007fff00004080
0x000000010d5e3b50:   000000010d5e3b58 6e69616d31000000
0x000000010d5e3b60:   1900000000000000 0000000005000000
0x000000010d5e3b70:   9900000000000000 0400000000000000
0x000000010d5e3b80:   00000000020c0000 9a00000009000000
0x000000010d5e3b90:   1100000000000000 000000009b000000
0x000000010d5e3ba0:   9c00000019000000 000e000000000000
0x000000010d5e3bb0:   008038e2489c7f00 0001000000000000
0x000000010d5e3bc0:   0103003400000000 0e00000000000000
0x000000010d5e3bd0:   8838e2489c7f0000 0600000000000000
0x000000010d5e3be0:   0400340000000000 0000000000000001
0x000000010d5e3bf0:   38e2489c7f00000e 0000000000000090
0x000000010d5e3c00:   0034000000000015 0000000000000105 

Instructions: (pc=0x0000000101ab1e84)
0x0000000101ab1e64:   eb 16 48 8d 35 c3 79 4c 00 8a 4e 08 48 d3 e2 48
0x0000000101ab1e74:   03 16 eb 04 48 8b 14 0f 84 c0 0f 94 c0 0f b6 c0
0x0000000101ab1e84:   8b 44 82 0c 5d c3 8b 04 07 5d c3 90 55 48 89 e5
0x0000000101ab1e94:   f6 87 8d 00 00 00 02 75 04 31 ff eb 23 48 63 87 

Register to memory mapping:

RAX=0x0000000000000000 is an unknown value
RBX=0x00000007d6344ce0 is an oop
java.lang.String 
 - klass: 'java/lang/String'
RCX=0x000000000000000c is an unknown value
RDX=0x0000000000000000 is an unknown value
RSP=0x000000010d5e3a10 is pointing into the stack for thread: 0x00007f9c49837000
RBP=0x000000010d5e3a10 is pointing into the stack for thread: 0x00007f9c49837000
RSI=0x00007f9c48e24288 is a global jni handle
RDI=0x00000007d6344ce0 is an oop
java.lang.String 
 - klass: 'java/lang/String'
R8 =0x3400000000000000 is an unknown value
R9 =0x00000000fffe0000 is an unknown value
R10=0x000000005c7a180b is an unknown value
R11=0xffff8064c48cca20 is an unknown value
R12=0x00007f9c49837000 is a thread
R13=0x00007f9c48d20b80 is an unknown value
R14=0x0000000000000000 is an unknown value
R15=0x0000000000000000 is an unknown value


Stack: [0x000000010d4e4000,0x000000010d5e4000],  sp=0x000000010d5e3a10,  free space=1022k
Native frames: (J=compiled Java code, j=interpreted, Vv=VM code, C=native code)
V  [libjvm.dylib+0x2b1e84]  java_lang_String::length(oopDesc*)+0x54
V  [libjvm.dylib+0x2e17be]  java_lang_String::utf8_length(oopDesc*)+0x38
V  [libjvm.dylib+0x309086]  jni_GetStringUTFChars+0x71
C  [libjdwp.dylib+0x74be]  value+0x96
C  [libjdwp.dylib+0xe642]  debugLoop_run+0x1ce
C  [libjdwp.dylib+0x1f0e2]  attachThread+0x4d
V  [libjvm.dylib+0x3781c2]  JvmtiAgentThread::call_start_function()+0x38
V  [libjvm.dylib+0x4f5855]  JavaThread::thread_main_inner()+0x9b
V  [libjvm.dylib+0x4f6f5d]  JavaThread::run()+0x1a3
V  [libjvm.dylib+0x420772]  java_start(Thread*)+0x126
C  [libsystem_pthread.dylib+0x32fc]  _pthread_body+0x83
C  [libsystem_pthread.dylib+0x3279]  _pthread_body+0x0
C  [libsystem_pthread.dylib+0x14b1]  thread_start+0xd


---------------  P R O C E S S  ---------------

Java Threads: ( => current thread )
  0x00007f9c4a041800 JavaThread "Service Thread" daemon [_thread_blocked, id=19203, stack(0x000000010d9f3000,0x000000010daf3000)]
  0x00007f9c4a831000 JavaThread "C2 CompilerThread1" daemon [_thread_blocked, id=18691, stack(0x000000010d8f0000,0x000000010d9f0000)]
  0x00007f9c4a830800 JavaThread "C2 CompilerThread0" daemon [_thread_blocked, id=18179, stack(0x000000010d7ed000,0x000000010d8ed000)]
  0x00007f9c49838800 JavaThread "JDWP Command Reader" daemon [_thread_in_native, id=17667, stack(0x000000010d6ea000,0x000000010d7ea000)]
  0x00007f9c49838000 JavaThread "JDWP Event Helper Thread" daemon [_thread_blocked, id=17155, stack(0x000000010d5e7000,0x000000010d6e7000)]
=>0x00007f9c49837000 JavaThread "JDWP Transport Listener: dt_socket" daemon [_thread_in_vm, id=16643, stack(0x000000010d4e4000,0x000000010d5e4000)]
  0x00007f9c4a041000 JavaThread "Signal Dispatcher" daemon [_thread_blocked, id=13335, stack(0x000000010d3db000,0x000000010d4db000)]
  0x00007f9c4a039000 JavaThread "Finalizer" daemon [_thread_blocked, id=11523, stack(0x000000010baa4000,0x000000010bba4000)]
  0x00007f9c4a821800 JavaThread "Reference Handler" daemon [_thread_blocked, id=11011, stack(0x000000010b9a1000,0x000000010baa1000)]
  0x00007f9c4a801000 JavaThread "main" [_thread_blocked, id=4867, stack(0x0000000102260000,0x0000000102360000)]

Other Threads:
  0x00007f9c4a821000 VMThread [stack: 0x000000010b89e000,0x000000010b99e000] [id=10499]
  0x00007f9c4a042800 WatcherThread [stack: 0x000000010daf6000,0x000000010dbf6000] [id=19715]

VM state:not at safepoint (normal execution)

VM Mutex/Monitor currently owned by a thread: None

Heap
 PSYoungGen      total 38912K, used 21056K [0x00000007d5500000, 0x00000007d8000000, 0x0000000800000000)
  eden space 33792K, 47% used [0x00000007d5500000,0x00000007d6496168,0x00000007d7600000)
  from space 5120K, 99% used [0x00000007d7600000,0x00000007d7af9f40,0x00000007d7b00000)
  to   space 5120K, 0% used [0x00000007d7b00000,0x00000007d7b00000,0x00000007d8000000)
 ParOldGen       total 87040K, used 8848K [0x0000000780000000, 0x0000000785500000, 0x00000007d5500000)
  object space 87040K, 10% used [0x0000000780000000,0x00000007808a4000,0x0000000785500000)
 PSPermGen       total 21504K, used 2672K [0x000000077ae00000, 0x000000077c300000, 0x0000000780000000)
  object space 21504K, 12% used [0x000000077ae00000,0x000000077b09c108,0x000000077c300000)

Card table byte_map: [0x0000000105422000,0x000000010584c000] byte_map_base: 0x000000010184b000

Polling page: 0x0000000100f74000

Code Cache  [0x0000000102362000, 0x00000001025d2000, 0x0000000105362000)
 total_blobs=196 nmethods=23 adapters=136 free_code_cache=48747Kb largest_free_block=49899776

Compilation events (10 events):
Event: 107.585 Thread 0x00007f9c4a831000 nmethod 17 0x00000001023c6a90 code [0x00000001023c6bc0, 0x00000001023c6c38]
Event: 107.585 Thread 0x00007f9c4a831000   20             java.util.Random::next (47 bytes)
Event: 107.587 Thread 0x00007f9c4a831000 nmethod 20 0x00000001023c50d0 code [0x00000001023c5220, 0x00000001023c5338]
Event: 107.587 Thread 0x00007f9c4a831000   21             java.util.Collections::swap (25 bytes)
Event: 107.589 Thread 0x00007f9c4a831000 nmethod 21 0x00000001023c7d90 code [0x00000001023c7ee0, 0x00000001023c80f8]
Event: 107.589 Thread 0x00007f9c4a831000   22             java.util.Arrays$ArrayList::get (7 bytes)
Event: 107.589 Thread 0x00007f9c4a831000 nmethod 22 0x00000001023c7a90 code [0x00000001023c7be0, 0x00000001023c7cb8]
Event: 107.590 Thread 0x00007f9c4a830800 nmethod 19 0x00000001023c72d0 code [0x00000001023c7440, 0x00000001023c7798]
Event: 154.678 Thread 0x00007f9c4a831000   23             Test::initArray (67 bytes)
Event: 154.685 Thread 0x00007f9c4a831000 nmethod 23 0x00000001023c91d0 code [0x00000001023c9380, 0x00000001023c9828]

GC Heap History (2 events):
Event: 106.946 GC heap before
{Heap before GC invocations=1 (full 0):
 PSYoungGen      total 38912K, used 33792K [0x00000007d5500000, 0x00000007d8000000, 0x0000000800000000)
  eden space 33792K, 100% used [0x00000007d5500000,0x00000007d7600000,0x00000007d7600000)
  from space 5120K, 0% used [0x00000007d7b00000,0x00000007d7b00000,0x00000007d8000000)
  to   space 5120K, 0% used [0x00000007d7600000,0x00000007d7600000,0x00000007d7b00000)
 ParOldGen       total 87040K, used 0K [0x0000000780000000, 0x0000000785500000, 0x00000007d5500000)
  object space 87040K, 0% used [0x0000000780000000,0x0000000780000000,0x0000000785500000)
 PSPermGen       total 21504K, used 2622K [0x000000077ae00000, 0x000000077c300000, 0x0000000780000000)
  object space 21504K, 12% used [0x000000077ae00000,0x000000077b08fbc8,0x000000077c300000)
Event: 106.960 GC heap after
Heap after GC invocations=1 (full 0):
 PSYoungGen      total 38912K, used 5095K [0x00000007d5500000, 0x00000007d8000000, 0x0000000800000000)
  eden space 33792K, 0% used [0x00000007d5500000,0x00000007d5500000,0x00000007d7600000)
  from space 5120K, 99% used [0x00000007d7600000,0x00000007d7af9f40,0x00000007d7b00000)
  to   space 5120K, 0% used [0x00000007d7b00000,0x00000007d7b00000,0x00000007d8000000)
 ParOldGen       total 87040K, used 8848K [0x0000000780000000, 0x0000000785500000, 0x00000007d5500000)
  object space 87040K, 10% used [0x0000000780000000,0x00000007808a4000,0x0000000785500000)
 PSPermGen       total 21504K, used 2622K [0x000000077ae00000, 0x000000077c300000, 0x0000000780000000)
  object space 21504K, 12% used [0x000000077ae00000,0x000000077b08fbc8,0x000000077c300000)
}

Deoptimization events (0 events):
No events

Internal exceptions (3 events):
Event: 0.052 Thread 0x00007f9c4a801000 Threw 0x00000007d55105a8 at /HUDSON/workspace/7u-2-build-macosx-x86_64/jdk7u67/1368/hotspot/src/share/vm/prims/jni.cpp:3991
Event: 0.288 Thread 0x00007f9c4a801000 Threw 0x00000007d5559818 at /HUDSON/workspace/7u-2-build-macosx-x86_64/jdk7u67/1368/hotspot/src/share/vm/prims/jvm.cpp:1244
Event: 0.306 Thread 0x00007f9c4a801000 Threw 0x00000007d55605b8 at /HUDSON/workspace/7u-2-build-macosx-x86_64/jdk7u67/1368/hotspot/src/share/vm/prims/jvm.cpp:1244

Events (10 events):
Event: 177.449 Executing VM operation: GetCurrentLocation
Event: 177.449 Executing VM operation: GetCurrentLocation done
Event: 177.449 Executing VM operation: ChangeSingleStep
Event: 177.449 Executing VM operation: ChangeSingleStep done
Event: 177.450 Executing VM operation: ChangeSingleStep
Event: 177.450 Executing VM operation: ChangeSingleStep done
Event: 177.551 Executing VM operation: GetOrSetLocal
Event: 177.551 Executing VM operation: GetOrSetLocal done
Event: 177.633 Executing VM operation: GetOrSetLocal
Event: 177.633 Executing VM operation: GetOrSetLocal done


Dynamic libraries:
0x00000000017fc000 	/System/Library/Frameworks/Cocoa.framework/Versions/A/Cocoa
0x00000000017fc000 	/System/Library/Frameworks/Security.framework/Versions/A/Security
0x00000000017fc000 	/System/Library/Frameworks/ApplicationServices.framework/Versions/A/ApplicationServices
0x00000000017fc000 	/usr/lib/libz.1.dylib
0x00000000017fc000 	/usr/lib/libSystem.B.dylib
0x00000000017fc000 	/usr/lib/libobjc.A.dylib
0x00000000017fc000 	/System/Library/Frameworks/CoreFoundation.framework/Versions/A/CoreFoundation
0x00000000017fc000 	/System/Library/Frameworks/Foundation.framework/Versions/C/Foundation
0x00000000017fc000 	/System/Library/Frameworks/AppKit.framework/Versions/C/AppKit
0x00000000017fc000 	/System/Library/Frameworks/CoreData.framework/Versions/A/CoreData
0x00000000017fc000 	/System/Library/PrivateFrameworks/RemoteViewServices.framework/Versions/A/RemoteViewServices
0x00000000017fc000 	/System/Library/PrivateFrameworks/UIFoundation.framework/Versions/A/UIFoundation
0x00000000017fc000 	/System/Library/Frameworks/IOSurface.framework/Versions/A/IOSurface
0x00000000017fc000 	/System/Library/Frameworks/AudioToolbox.framework/Versions/A/AudioToolbox
0x00000000017fc000 	/System/Library/Frameworks/AudioUnit.framework/Versions/A/AudioUnit
0x00000000017fc000 	/System/Library/PrivateFrameworks/DataDetectorsCore.framework/Versions/A/DataDetectorsCore
0x00000000017fc000 	/System/Library/PrivateFrameworks/DesktopServicesPriv.framework/Versions/A/DesktopServicesPriv
0x00000000017fc000 	/System/Library/Frameworks/Carbon.framework/Versions/A/Frameworks/HIToolbox.framework/Versions/A/HIToolbox
0x00000000017fc000 	/System/Library/Frameworks/QuartzCore.framework/Versions/A/QuartzCore
0x00000000017fc000 	/System/Library/Frameworks/Carbon.framework/Versions/A/Frameworks/SpeechRecognition.framework/Versions/A/SpeechRecognition
0x00000000017fc000 	/usr/lib/libauto.dylib
0x00000000017fc000 	/usr/lib/libicucore.A.dylib
0x00000000017fc000 	/usr/lib/libxml2.2.dylib
0x00000000017fc000 	/System/Library/PrivateFrameworks/CoreUI.framework/Versions/A/CoreUI
0x00000000017fc000 	/System/Library/Frameworks/CoreAudio.framework/Versions/A/CoreAudio
0x00000000017fc000 	/System/Library/Frameworks/DiskArbitration.framework/Versions/A/DiskArbitration
0x00000000017fc000 	/usr/lib/liblangid.dylib
0x00000000017fc000 	/System/Library/PrivateFrameworks/MultitouchSupport.framework/Versions/A/MultitouchSupport
0x00000000017fc000 	/System/Library/Frameworks/IOKit.framework/Versions/A/IOKit
0x00000000017fc000 	/usr/lib/libDiagnosticMessagesClient.dylib
0x00000000017fc000 	/System/Library/Frameworks/CoreServices.framework/Versions/A/CoreServices
0x00000000017fc000 	/System/Library/PrivateFrameworks/PerformanceAnalysis.framework/Versions/A/PerformanceAnalysis
0x00000000017fc000 	/System/Library/PrivateFrameworks/GenerationalStorage.framework/Versions/A/GenerationalStorage
0x00000000017fc000 	/System/Library/Frameworks/OpenGL.framework/Versions/A/OpenGL
0x00000000017fc000 	/System/Library/PrivateFrameworks/Sharing.framework/Versions/A/Sharing
0x00000000017fc000 	/System/Library/Frameworks/CoreGraphics.framework/Versions/A/CoreGraphics
0x00000000017fc000 	/System/Library/Frameworks/CoreText.framework/Versions/A/CoreText
0x00000000017fc000 	/System/Library/Frameworks/ImageIO.framework/Versions/A/ImageIO
0x00000000017fc000 	/usr/lib/libextension.dylib
0x00000000017fc000 	/System/Library/PrivateFrameworks/Backup.framework/Versions/A/Backup
0x00000000017fc000 	/usr/lib/libarchive.2.dylib
0x00000000017fc000 	/System/Library/Frameworks/CFNetwork.framework/Versions/A/CFNetwork
0x00000000017fc000 	/System/Library/Frameworks/SystemConfiguration.framework/Versions/A/SystemConfiguration
0x00000000017fc000 	/usr/lib/libCRFSuite.dylib
0x00000000017fc000 	/usr/lib/libc++.1.dylib
0x00000000017fc000 	/usr/lib/libc++abi.dylib
0x00000000017fc000 	/usr/lib/system/libcache.dylib
0x00000000017fc000 	/usr/lib/system/libcommonCrypto.dylib
0x00000000017fc000 	/usr/lib/system/libcompiler_rt.dylib
0x00000000017fc000 	/usr/lib/system/libcopyfile.dylib
0x00000000017fc000 	/usr/lib/system/libcorecrypto.dylib
0x00000000017fc000 	/usr/lib/system/libdispatch.dylib
0x00000000017fc000 	/usr/lib/system/libdyld.dylib
0x00000000017fc000 	/usr/lib/system/libkeymgr.dylib
0x00000000017fc000 	/usr/lib/system/liblaunch.dylib
0x00000000017fc000 	/usr/lib/system/libmacho.dylib
0x00000000017fc000 	/usr/lib/system/libquarantine.dylib
0x00000000017fc000 	/usr/lib/system/libremovefile.dylib
0x00000000017fc000 	/usr/lib/system/libsystem_asl.dylib
0x00000000017fc000 	/usr/lib/system/libsystem_blocks.dylib
0x00000000017fc000 	/usr/lib/system/libsystem_c.dylib
0x00000000017fc000 	/usr/lib/system/libsystem_configuration.dylib
0x00000000017fc000 	/usr/lib/system/libsystem_coreservices.dylib
0x00000000017fc000 	/usr/lib/system/libsystem_coretls.dylib
0x00000000017fc000 	/usr/lib/system/libsystem_dnssd.dylib
0x00000000017fc000 	/usr/lib/system/libsystem_info.dylib
0x00000000017fc000 	/usr/lib/system/libsystem_kernel.dylib
0x00000000017fc000 	/usr/lib/system/libsystem_m.dylib
0x00000000017fc000 	/usr/lib/system/libsystem_malloc.dylib
0x00000000017fc000 	/usr/lib/system/libsystem_network.dylib
0x00000000017fc000 	/usr/lib/system/libsystem_networkextension.dylib
0x00000000017fc000 	/usr/lib/system/libsystem_notify.dylib
0x00000000017fc000 	/usr/lib/system/libsystem_platform.dylib
0x00000000017fc000 	/usr/lib/system/libsystem_pthread.dylib
0x00000000017fc000 	/usr/lib/system/libsystem_sandbox.dylib
0x00000000017fc000 	/usr/lib/system/libsystem_secinit.dylib
0x00000000017fc000 	/usr/lib/system/libsystem_stats.dylib
0x00000000017fc000 	/usr/lib/system/libsystem_trace.dylib
0x00000000017fc000 	/usr/lib/system/libunc.dylib
0x00000000017fc000 	/usr/lib/system/libunwind.dylib
0x00000000017fc000 	/usr/lib/system/libxpc.dylib
0x00000000017fc000 	/usr/lib/libbz2.1.0.dylib
0x00000000017fc000 	/usr/lib/liblzma.5.dylib
0x00000000017fc000 	/usr/lib/libbsm.0.dylib
0x00000000017fc000 	/usr/lib/libsqlite3.dylib
0x00000000017fc000 	/usr/lib/system/libkxld.dylib
0x00000000017fc000 	/usr/lib/libxar.1.dylib
0x00000000017fc000 	/usr/lib/libpam.2.dylib
0x00000000017fc000 	/usr/lib/libOpenScriptingUtil.dylib
0x00000000017fc000 	/System/Library/Frameworks/CoreServices.framework/Versions/A/Frameworks/FSEvents.framework/Versions/A/FSEvents
0x00000000017fc000 	/System/Library/Frameworks/CoreServices.framework/Versions/A/Frameworks/CarbonCore.framework/Versions/A/CarbonCore
0x00000000017fc000 	/System/Library/Frameworks/CoreServices.framework/Versions/A/Frameworks/Metadata.framework/Versions/A/Metadata
0x00000000017fc000 	/System/Library/Frameworks/CoreServices.framework/Versions/A/Frameworks/OSServices.framework/Versions/A/OSServices
0x00000000017fc000 	/System/Library/Frameworks/CoreServices.framework/Versions/A/Frameworks/SearchKit.framework/Versions/A/SearchKit
0x00000000017fc000 	/System/Library/Frameworks/CoreServices.framework/Versions/A/Frameworks/AE.framework/Versions/A/AE
0x00000000017fc000 	/System/Library/Frameworks/CoreServices.framework/Versions/A/Frameworks/LaunchServices.framework/Versions/A/LaunchServices
0x00000000017fc000 	/System/Library/Frameworks/CoreServices.framework/Versions/A/Frameworks/DictionaryServices.framework/Versions/A/DictionaryServices
0x00000000017fc000 	/System/Library/Frameworks/NetFS.framework/Versions/A/NetFS
0x00000000017fc000 	/System/Library/PrivateFrameworks/NetAuth.framework/Versions/A/NetAuth
0x00000000017fc000 	/System/Library/PrivateFrameworks/login.framework/Versions/A/Frameworks/loginsupport.framework/Versions/A/loginsupport
0x00000000017fc000 	/System/Library/PrivateFrameworks/TCC.framework/Versions/A/TCC
0x00000000017fc000 	/usr/lib/libmecabra.dylib
0x00000000017fc000 	/System/Library/PrivateFrameworks/LanguageModeling.framework/Versions/A/LanguageModeling
0x00000000017fc000 	/usr/lib/libcmph.dylib
0x00000000017fc000 	/usr/lib/libiconv.2.dylib
0x00000000017fc000 	/System/Library/Frameworks/OpenDirectory.framework/Versions/A/Frameworks/CFOpenDirectory.framework/Versions/A/CFOpenDirectory
0x00000000017fc000 	/System/Library/Frameworks/ServiceManagement.framework/Versions/A/ServiceManagement
0x00000000017fc000 	/usr/lib/libxslt.1.dylib
0x00000000017fc000 	/System/Library/Frameworks/Carbon.framework/Versions/A/Frameworks/Ink.framework/Versions/A/Ink
0x00000000017fc000 	/System/Library/Frameworks/ApplicationServices.framework/Versions/A/Frameworks/ATS.framework/Versions/A/ATS
0x00000000017fc000 	/System/Library/Frameworks/ApplicationServices.framework/Versions/A/Frameworks/ColorSync.framework/Versions/A/ColorSync
0x00000000017fc000 	/System/Library/Frameworks/ApplicationServices.framework/Versions/A/Frameworks/HIServices.framework/Versions/A/HIServices
0x00000000017fc000 	/System/Library/Frameworks/ApplicationServices.framework/Versions/A/Frameworks/LangAnalysis.framework/Versions/A/LangAnalysis
0x00000000017fc000 	/System/Library/Frameworks/ApplicationServices.framework/Versions/A/Frameworks/PrintCore.framework/Versions/A/PrintCore
0x00000000017fc000 	/System/Library/Frameworks/ApplicationServices.framework/Versions/A/Frameworks/QD.framework/Versions/A/QD
0x00000000017fc000 	/System/Library/Frameworks/ApplicationServices.framework/Versions/A/Frameworks/SpeechSynthesis.framework/Versions/A/SpeechSynthesis
0x00000000017fc000 	/System/Library/Frameworks/Accelerate.framework/Versions/A/Accelerate
0x00000000017fc000 	/System/Library/Frameworks/Accelerate.framework/Versions/A/Frameworks/vImage.framework/Versions/A/vImage
0x00000000017fc000 	/System/Library/Frameworks/Accelerate.framework/Versions/A/Frameworks/vecLib.framework/Versions/A/vecLib
0x00000000017fc000 	/System/Library/Frameworks/Accelerate.framework/Versions/A/Frameworks/vecLib.framework/Versions/A/libvDSP.dylib
0x00000000017fc000 	/System/Library/Frameworks/Accelerate.framework/Versions/A/Frameworks/vecLib.framework/Versions/A/libvMisc.dylib
0x00000000017fc000 	/System/Library/Frameworks/Accelerate.framework/Versions/A/Frameworks/vecLib.framework/Versions/A/libLAPACK.dylib
0x00000000017fc000 	/System/Library/Frameworks/Accelerate.framework/Versions/A/Frameworks/vecLib.framework/Versions/A/libBLAS.dylib
0x00000000017fc000 	/System/Library/Frameworks/Accelerate.framework/Versions/A/Frameworks/vecLib.framework/Versions/A/libLinearAlgebra.dylib
0x00000000017fc000 	/System/Library/Frameworks/ApplicationServices.framework/Versions/A/Frameworks/ATS.framework/Versions/A/Resources/libFontParser.dylib
0x00000000017fc000 	/System/Library/Frameworks/ApplicationServices.framework/Versions/A/Frameworks/ATS.framework/Versions/A/Resources/libFontRegistry.dylib
0x00000000017fc000 	/System/Library/PrivateFrameworks/AppleVPA.framework/Versions/A/AppleVPA
0x00000000017fc000 	/System/Library/PrivateFrameworks/AppleJPEG.framework/Versions/A/AppleJPEG
0x00000000017fc000 	/System/Library/Frameworks/ImageIO.framework/Versions/A/Resources/libJPEG.dylib
0x00000000017fc000 	/System/Library/Frameworks/ImageIO.framework/Versions/A/Resources/libTIFF.dylib
0x00000000017fc000 	/System/Library/Frameworks/ImageIO.framework/Versions/A/Resources/libPng.dylib
0x00000000017fc000 	/System/Library/Frameworks/ImageIO.framework/Versions/A/Resources/libGIF.dylib
0x00000000017fc000 	/System/Library/Frameworks/ImageIO.framework/Versions/A/Resources/libJP2.dylib
0x00000000017fc000 	/System/Library/Frameworks/ImageIO.framework/Versions/A/Resources/libRadiance.dylib
0x00000000017fc000 	/System/Library/Frameworks/CoreVideo.framework/Versions/A/CoreVideo
0x00000000017fc000 	/System/Library/Frameworks/OpenGL.framework/Versions/A/Libraries/libGLU.dylib
0x00000000017fc000 	/System/Library/Frameworks/OpenGL.framework/Versions/A/Libraries/libGFXShared.dylib
0x00000000017fc000 	/System/Library/Frameworks/OpenGL.framework/Versions/A/Libraries/libGL.dylib
0x00000000017fc000 	/System/Library/Frameworks/OpenGL.framework/Versions/A/Libraries/libGLImage.dylib
0x00000000017fc000 	/System/Library/Frameworks/OpenGL.framework/Versions/A/Libraries/libCVMSPluginSupport.dylib
0x00000000017fc000 	/System/Library/Frameworks/OpenGL.framework/Versions/A/Libraries/libCoreVMClient.dylib
0x00000000017fc000 	/usr/lib/libcups.2.dylib
0x00000000017fc000 	/System/Library/Frameworks/Kerberos.framework/Versions/A/Kerberos
0x00000000017fc000 	/System/Library/Frameworks/GSS.framework/Versions/A/GSS
0x00000000017fc000 	/usr/lib/libresolv.9.dylib
0x00000000017fc000 	/System/Library/PrivateFrameworks/Heimdal.framework/Versions/A/Heimdal
0x00000000017fc000 	/usr/lib/libheimdal-asn1.dylib
0x00000000017fc000 	/System/Library/Frameworks/OpenDirectory.framework/Versions/A/OpenDirectory
0x00000000017fc000 	/System/Library/PrivateFrameworks/CommonAuth.framework/Versions/A/CommonAuth
0x00000000017fc000 	/System/Library/Frameworks/SecurityFoundation.framework/Versions/A/SecurityFoundation
0x00000000017fc000 	/System/Library/Frameworks/QuartzCore.framework/Versions/A/Frameworks/CoreImage.framework/Versions/A/CoreImage
0x00000000017fc000 	/System/Library/PrivateFrameworks/CrashReporterSupport.framework/Versions/A/CrashReporterSupport
0x00000000017fc000 	/System/Library/Frameworks/OpenCL.framework/Versions/A/OpenCL
0x00000000017fc000 	/System/Library/PrivateFrameworks/FaceCore.framework/Versions/A/FaceCore
0x00000000017fc000 	/System/Library/PrivateFrameworks/Ubiquity.framework/Versions/A/Ubiquity
0x00000000017fc000 	/System/Library/PrivateFrameworks/IconServices.framework/Versions/A/IconServices
0x00000000017fc000 	/System/Library/PrivateFrameworks/ChunkingLibrary.framework/Versions/A/ChunkingLibrary
0x00000000017fc000 	/System/Library/PrivateFrameworks/Apple80211.framework/Versions/A/Apple80211
0x00000000017fc000 	/System/Library/Frameworks/CoreWLAN.framework/Versions/A/CoreWLAN
0x00000000017fc000 	/System/Library/Frameworks/IOBluetooth.framework/Versions/A/IOBluetooth
0x00000000017fc000 	/System/Library/PrivateFrameworks/CoreWiFi.framework/Versions/A/CoreWiFi
0x00000000017fc000 	/System/Library/Frameworks/CoreBluetooth.framework/Versions/A/CoreBluetooth
0x00000000017fc000 	/System/Library/PrivateFrameworks/DebugSymbols.framework/Versions/A/DebugSymbols
0x00000000017fc000 	/System/Library/PrivateFrameworks/CoreSymbolication.framework/Versions/A/CoreSymbolication
0x00000000017fc000 	/System/Library/PrivateFrameworks/Symbolication.framework/Versions/A/Symbolication
0x00000000017fc000 	/System/Library/PrivateFrameworks/SpeechRecognitionCore.framework/Versions/A/SpeechRecognitionCore
0x0000000101800000 	/Library/Java/JavaVirtualMachines/jdk1.7.0_67.jdk/Contents/Home/jre/lib/server/libjvm.dylib
0x00000000017fc000 	/usr/lib/libstdc++.6.dylib
0x0000000100f37000 	/Library/Java/JavaVirtualMachines/jdk1.7.0_67.jdk/Contents/Home/jre/lib/libverify.dylib
0x0000000100f44000 	/Library/Java/JavaVirtualMachines/jdk1.7.0_67.jdk/Contents/Home/jre/lib/libjava.dylib
0x0000000100f75000 	/Library/Java/JavaVirtualMachines/jdk1.7.0_67.jdk/Contents/Home/jre/lib/libjdwp.dylib
0x0000000100fb2000 	/Library/Java/JavaVirtualMachines/jdk1.7.0_67.jdk/Contents/Home/jre/lib/libnpt.dylib
0x0000000100fbf000 	/Library/Java/JavaVirtualMachines/jdk1.7.0_67.jdk/Contents/Home/jre/lib/libzip.dylib
0x000000010bba6000 	/System/Library/Frameworks/JavaVM.framework/Frameworks/JavaRuntimeSupport.framework/JavaRuntimeSupport
0x000000010bbbc000 	/System/Library/Frameworks/JavaVM.framework/Versions/A/Frameworks/JavaNativeFoundation.framework/Versions/A/JavaNativeFoundation
0x0000000100ff2000 	/System/Library/Frameworks/JavaVM.framework/Versions/A/JavaVM
0x00000000017fc000 	/System/Library/Frameworks/Carbon.framework/Versions/A/Carbon
0x000000010bbd0000 	/System/Library/PrivateFrameworks/JavaLaunching.framework/Versions/A/JavaLaunching
0x00000000017fc000 	/System/Library/Frameworks/Carbon.framework/Versions/A/Frameworks/CommonPanels.framework/Versions/A/CommonPanels
0x00000000017fc000 	/System/Library/Frameworks/Carbon.framework/Versions/A/Frameworks/Help.framework/Versions/A/Help
0x00000000017fc000 	/System/Library/Frameworks/Carbon.framework/Versions/A/Frameworks/ImageCapture.framework/Versions/A/ImageCapture
0x00000000017fc000 	/System/Library/Frameworks/Carbon.framework/Versions/A/Frameworks/OpenScripting.framework/Versions/A/OpenScripting
0x00000000017fc000 	/System/Library/Frameworks/Carbon.framework/Versions/A/Frameworks/Print.framework/Versions/A/Print
0x00000000017fc000 	/System/Library/Frameworks/Carbon.framework/Versions/A/Frameworks/SecurityHI.framework/Versions/A/SecurityHI
0x000000010d4dd000 	/Library/Java/JavaVirtualMachines/jdk1.7.0_67.jdk/Contents/Home/jre/lib/libdt_socket.dylib

VM Arguments:
jvm_args: -agentlib:jdwp=transport=dt_socket,suspend=y,address=localhost:59170 -Dfile.encoding=UTF-8 
java_command: Test
Launcher Type: SUN_STANDARD

Environment Variables:
PATH=/usr/bin:/bin:/usr/sbin:/sbin
SHELL=/bin/bash
DISPLAY=/private/tmp/com.apple.launchd.j5MNk46EHL/org.macosforge.xquartz:0

Signal Handlers:
SIGSEGV: [libjvm.dylib+0x52b6c9], sa_mask[0]=0xfffefeff, sa_flags=0x00000043
SIGBUS: [libjvm.dylib+0x52b6c9], sa_mask[0]=0xfffefeff, sa_flags=0x00000042
SIGFPE: [libjvm.dylib+0x41deaa], sa_mask[0]=0xfffefeff, sa_flags=0x00000042
SIGPIPE: [libjvm.dylib+0x41deaa], sa_mask[0]=0xfffefeff, sa_flags=0x00000042
SIGXFSZ: [libjvm.dylib+0x41deaa], sa_mask[0]=0xfffefeff, sa_flags=0x00000042
SIGILL: [libjvm.dylib+0x41deaa], sa_mask[0]=0xfffefeff, sa_flags=0x00000042
SIGUSR1: SIG_DFL, sa_mask[0]=0x00000000, sa_flags=0x00000000
SIGUSR2: [libjvm.dylib+0x41d99c], sa_mask[0]=0x00000004, sa_flags=0x00000042
SIGHUP: [libjvm.dylib+0x41bc2d], sa_mask[0]=0xfffefeff, sa_flags=0x00000042
SIGINT: [libjvm.dylib+0x41bc2d], sa_mask[0]=0xfffefeff, sa_flags=0x00000042
SIGTERM: [libjvm.dylib+0x41bc2d], sa_mask[0]=0xfffefeff, sa_flags=0x00000042
SIGQUIT: [libjvm.dylib+0x41bc2d], sa_mask[0]=0xfffefeff, sa_flags=0x00000042


---------------  S Y S T E M  ---------------

OS:Bsduname:Darwin 14.0.0 Darwin Kernel Version 14.0.0: Fri Sep 19 00:26:44 PDT 2014; root:xnu-2782.1.97~2/RELEASE_X86_64 x86_64
rlimit: STACK 8192k, CORE 0k, NPROC 709, NOFILE 10240, AS infinity
load average:1.73 1.47 1.41

CPU:total 4 (2 cores per cpu, 2 threads per core) family 6 model 69 stepping 1, cmov, cx8, fxsr, mmx, sse, sse2, sse3, ssse3, sse4.1, sse4.2, popcnt, avx, avx2, aes, erms, ht, tsc, tscinvbit

Memory: 4k page, physical 8388608k(2097152k free)

/proc/meminfo:


vm_info: Java HotSpot(TM) 64-Bit Server VM (24.65-b04) for bsd-amd64 JRE (1.7.0_67-b01), built on Jul 25 2014 08:51:51 by "java_re" with gcc 4.2.1 (Based on Apple Inc. build 5658) (LLVM build 2336.11.00)

time: Mon Oct 20 17:42:24 2014
elapsed time: 178 seconds

